<?xml version="1.0" encoding="UTF-8"?>
<!-- Generated by org.testng.reporters.JUnitXMLReporter -->
<testsuite hostname="LAPTOP-A5GJABUP" ignored="0" name="Default test" tests="5" failures="0" timestamp="2020-12-02T17:31:21 CET" time="7.12" errors="0">
  <testcase name="CreateEmployee" time="2.188" classname="com.org.test.RestApiAutomation"/>
  <testcase name="GetSingleEmployeeData" time="2.212" classname="com.org.test.RestApiAutomation"/>
  <testcase name="deleteEmployee" time="0.834" classname="com.org.test.RestApiAutomation"/>
  <testcase name="testGetAllEmployee" time="0.15" classname="com.org.test.RestApiAutomation"/>
  <testcase name="updateEmployee" time="0.783" classname="com.org.test.RestApiAutomation"/>
</testsuite> <!-- Default test -->
