<?xml version="1.0" encoding="UTF-8"?>
<!-- Generated by org.testng.reporters.JUnitXMLReporter -->
<testsuite hostname="LAPTOP-A5GJABUP" ignored="0" name="Test" tests="6" failures="0" timestamp="2020-12-02T22:29:32 CET" time="51.892" errors="0">
  <testcase name="tc_05_clickSignUp_withdetails" time="24.181" classname="com.org.test.TacxTestAssignment"/>
  <testcase name="CreateEmployee" time="5.193" classname="com.org.test.RestApiAutomation"/>
  <testcase name="GetSingleEmployeeData" time="5.536" classname="com.org.test.RestApiAutomation"/>
  <testcase name="deleteEmployee" time="0.823" classname="com.org.test.RestApiAutomation"/>
  <testcase name="testGetAllEmployee" time="0.175" classname="com.org.test.RestApiAutomation"/>
  <testcase name="updateEmployee" time="0.817" classname="com.org.test.RestApiAutomation"/>
</testsuite> <!-- Test -->
