<?xml version="1.0" encoding="UTF-8"?>
<testng-results skipped="0" failed="0" ignored="0" total="6" passed="6">
  <reporter-output>
  </reporter-output>
  <suite name="Suite" duration-ms="51892" started-at="2020-12-02T22:28:40 CET" finished-at="2020-12-02T22:29:32 CET">
    <groups>
    </groups>
    <test name="Test" duration-ms="51892" started-at="2020-12-02T22:28:40 CET" finished-at="2020-12-02T22:29:32 CET">
      <class name="com.org.test.RestApiAutomation">
        <test-method status="PASS" signature="init()[pri:0, instance:com.org.test.RestApiAutomation@1ad282e0]" name="init" is-config="true" duration-ms="904" started-at="2020-12-02T22:29:19 CET" finished-at="2020-12-02T22:29:20 CET">
          <reporter-output>
          </reporter-output>
        </test-method> <!-- init -->
        <test-method status="PASS" signature="CreateEmployee()[pri:0, instance:com.org.test.RestApiAutomation@1ad282e0]" name="CreateEmployee" duration-ms="5193" started-at="2020-12-02T22:29:20 CET" finished-at="2020-12-02T22:29:25 CET">
          <reporter-output>
          </reporter-output>
        </test-method> <!-- CreateEmployee -->
        <test-method status="PASS" signature="init()[pri:0, instance:com.org.test.RestApiAutomation@1ad282e0]" name="init" is-config="true" duration-ms="8" started-at="2020-12-02T22:29:25 CET" finished-at="2020-12-02T22:29:25 CET">
          <reporter-output>
          </reporter-output>
        </test-method> <!-- init -->
        <test-method status="PASS" signature="GetSingleEmployeeData()[pri:0, instance:com.org.test.RestApiAutomation@1ad282e0]" name="GetSingleEmployeeData" duration-ms="5536" started-at="2020-12-02T22:29:25 CET" finished-at="2020-12-02T22:29:30 CET">
          <reporter-output>
          </reporter-output>
        </test-method> <!-- GetSingleEmployeeData -->
        <test-method status="PASS" signature="deleteEmployee()[pri:0, instance:com.org.test.RestApiAutomation@1ad282e0]" name="deleteEmployee" duration-ms="823" started-at="2020-12-02T22:29:30 CET" finished-at="2020-12-02T22:29:31 CET">
          <reporter-output>
          </reporter-output>
        </test-method> <!-- deleteEmployee -->
        <test-method status="PASS" signature="init()[pri:0, instance:com.org.test.RestApiAutomation@1ad282e0]" name="init" is-config="true" duration-ms="0" started-at="2020-12-02T22:29:30 CET" finished-at="2020-12-02T22:29:30 CET">
          <reporter-output>
          </reporter-output>
        </test-method> <!-- init -->
        <test-method status="PASS" signature="init()[pri:0, instance:com.org.test.RestApiAutomation@1ad282e0]" name="init" is-config="true" duration-ms="8" started-at="2020-12-02T22:29:31 CET" finished-at="2020-12-02T22:29:31 CET">
          <reporter-output>
          </reporter-output>
        </test-method> <!-- init -->
        <test-method status="PASS" signature="testGetAllEmployee()[pri:0, instance:com.org.test.RestApiAutomation@1ad282e0]" name="testGetAllEmployee" duration-ms="175" started-at="2020-12-02T22:29:31 CET" finished-at="2020-12-02T22:29:31 CET">
          <reporter-output>
          </reporter-output>
        </test-method> <!-- testGetAllEmployee -->
        <test-method status="PASS" signature="init()[pri:0, instance:com.org.test.RestApiAutomation@1ad282e0]" name="init" is-config="true" duration-ms="0" started-at="2020-12-02T22:29:31 CET" finished-at="2020-12-02T22:29:31 CET">
          <reporter-output>
          </reporter-output>
        </test-method> <!-- init -->
        <test-method status="PASS" signature="updateEmployee()[pri:0, instance:com.org.test.RestApiAutomation@1ad282e0]" name="updateEmployee" duration-ms="817" started-at="2020-12-02T22:29:31 CET" finished-at="2020-12-02T22:29:32 CET">
          <reporter-output>
          </reporter-output>
        </test-method> <!-- updateEmployee -->
      </class> <!-- com.org.test.RestApiAutomation -->
      <class name="com.org.test.TacxTestAssignment">
        <test-method status="PASS" signature="setUp()[pri:0, instance:com.org.test.TacxTestAssignment@51b279c9]" name="setUp" is-config="true" duration-ms="11015" started-at="2020-12-02T22:28:40 CET" finished-at="2020-12-02T22:28:51 CET">
          <reporter-output>
          </reporter-output>
        </test-method> <!-- setUp -->
        <test-method status="PASS" signature="OpenTacxApplication()[pri:0, instance:com.org.test.TacxTestAssignment@51b279c9]" name="OpenTacxApplication" is-config="true" duration-ms="24" started-at="2020-12-02T22:28:51 CET" finished-at="2020-12-02T22:28:51 CET">
          <reporter-output>
          </reporter-output>
        </test-method> <!-- OpenTacxApplication -->
        <test-method status="PASS" signature="tc_05_clickSignUp_withdetails()[pri:0, instance:com.org.test.TacxTestAssignment@51b279c9]" name="tc_05_clickSignUp_withdetails" duration-ms="24181" started-at="2020-12-02T22:28:51 CET" finished-at="2020-12-02T22:29:16 CET">
          <reporter-output>
          </reporter-output>
        </test-method> <!-- tc_05_clickSignUp_withdetails -->
        <test-method status="PASS" signature="teardown(org.testng.ITestResult)[pri:0, instance:com.org.test.TacxTestAssignment@51b279c9]" name="teardown" is-config="true" duration-ms="3144" started-at="2020-12-02T22:29:16 CET" finished-at="2020-12-02T22:29:19 CET">
          <params>
            <param index="0">
              <value>
                <![CDATA[[TestResult name=tc_05_clickSignUp_withdetails status=SUCCESS method=TacxTestAssignment.tc_05_clickSignUp_withdetails()[pri:0, instance:com.org.test.TacxTestAssignment@51b279c9] output={null}]]]>
              </value>
            </param>
          </params>
          <reporter-output>
          </reporter-output>
        </test-method> <!-- teardown -->
      </class> <!-- com.org.test.TacxTestAssignment -->
    </test> <!-- Test -->
  </suite> <!-- Suite -->
</testng-results>
