<?xml version="1.0" encoding="UTF-8"?>
<testng-results skipped="0" failed="0" ignored="0" total="0" passed="0">
  <reporter-output>
  </reporter-output>
  <suite name="Default suite" duration-ms="12" started-at="2020-11-23T12:22:13 CET" finished-at="2020-11-23T12:22:13 CET">
    <groups>
    </groups>
    <test name="Default test" duration-ms="12" started-at="2020-11-23T12:22:13 CET" finished-at="2020-11-23T12:22:13 CET">
    </test> <!-- Default test -->
  </suite> <!-- Default suite -->
</testng-results>
